<?xml version="1.0" encoding="UTF-8"?>
<!-- Generated by org.testng.reporters.JUnitReportReporter -->
<testsuite hostname="localhost" name="com.wesai.tests.SigninTest" tests="5" failures="0" timestamp="19 Apr 2018 09:59:58 GMT" time="2.418" errors="0">
  <testcase name="CGJ_odds" time="0.159" classname="com.wesai.tests.SigninTest"/>
  <testcase name="GYJ_Country" time="0.779" classname="com.wesai.tests.SigninTest"/>
  <testcase name="USER_AUTHEN_TEST" time="0.919" classname="com.wesai.tests.SigninTest"/>
  <testcase name="LOTTERY_LOGIN_TEST" time="0.422" classname="com.wesai.tests.SigninTest"/>
  <testcase name="GYJ_odds" time="0.139" classname="com.wesai.tests.SigninTest"/>
</testsuite> <!-- com.wesai.tests.SigninTest -->
